<?xml version="1.0" encoding="UTF-8"?>
<!-- Generated by org.testng.reporters.JUnitXMLReporter -->
<testsuite ignored="0" hostname="LSTKMY232840" failures="0" tests="3" name="Default test" time="64.906" errors="0" timestamp="2021-07-30T17:15:03 CDT">
  <testcase classname="app.tsd.blazeTest" name="logIn" time="1.047"/>
  <testcase classname="app.tsd.blazeTest" name="addCart" time="4.356"/>
  <testcase classname="app.tsd.blazeTest" name="purchaseOrder" time="2.242"/>
</testsuite> <!-- Default test -->
