<?xml version="1.0" encoding="UTF-8"?>
<testng-results ignored="0" total="1" passed="1" failed="0" skipped="0">
  <reporter-output>
  </reporter-output>
  <suite started-at="2021-07-28T16:25:57 CDT" name="Default suite" finished-at="2021-07-28T16:26:02 CDT" duration-ms="5088">
    <groups>
    </groups>
    <test started-at="2021-07-28T16:25:57 CDT" name="Default test" finished-at="2021-07-28T16:26:02 CDT" duration-ms="5088">
      <class name="app.tsd.blazeTest">
        <test-method is-config="true" signature="setupDriver()[pri:0, instance:app.tsd.blazeTest@10163d6]" started-at="2021-07-28T16:25:57 CDT" name="setupDriver" finished-at="2021-07-28T16:25:59 CDT" duration-ms="2657" status="PASS">
          <reporter-output>
          </reporter-output>
        </test-method> <!-- setupDriver -->
        <test-method is-config="true" signature="setupClases()[pri:0, instance:app.tsd.blazeTest@10163d6]" started-at="2021-07-28T16:25:59 CDT" name="setupClases" finished-at="2021-07-28T16:26:00 CDT" duration-ms="67" status="PASS">
          <reporter-output>
          </reporter-output>
        </test-method> <!-- setupClases -->
        <test-method signature="test()[pri:0, instance:app.tsd.blazeTest@10163d6]" started-at="2021-07-28T16:26:00 CDT" name="test" finished-at="2021-07-28T16:26:01 CDT" duration-ms="1667" status="PASS">
          <reporter-output>
          </reporter-output>
        </test-method> <!-- test -->
        <test-method is-config="true" signature="closeDriver()[pri:0, instance:app.tsd.blazeTest@10163d6]" started-at="2021-07-28T16:26:01 CDT" name="closeDriver" finished-at="2021-07-28T16:26:02 CDT" duration-ms="625" status="PASS">
          <reporter-output>
          </reporter-output>
        </test-method> <!-- closeDriver -->
      </class> <!-- app.tsd.blazeTest -->
    </test> <!-- Default test -->
  </suite> <!-- Default suite -->
</testng-results>
